<?xml version="1.0" encoding="UTF-8"?>
<!-- Generated by org.testng.reporters.JUnitReportReporter -->
<testsuite hostname="mattibharath" failures="0" tests="1" name="com.comcast.crm.Contact_Test.CreatingAContact_Test" time="25.099" errors="0" timestamp="2024-06-06T14:52:11 IST" skipped="0">
  <testcase classname="com.comcast.crm.Contact_Test.CreatingAContact_Test" name="creatingcontact" time="25.099"/>
  <system-out/>
</testsuite> <!-- com.comcast.crm.Contact_Test.CreatingAContact_Test -->
